[dotenv@17.2.1] injecting env (18) from ../.env -- tip: ðŸ” encrypt with Dotenvx: https://dotenvx.com
Gmail Auth API running on port 3003
Environment: development
Error exchanging code for tokens: GaxiosError: invalid_client
    at Gaxios._request (/Users/miriamritter/Desktop/timebeacon-app/node_modules/gaxios/build/cjs/src/gaxios.js:154:23)
    at process.processTicksAndRejections (node:internal/process/task_queues:105:5)
    at async OAuth2Client.getTokenAsync (/Users/miriamritter/Desktop/timebeacon-app/node_modules/google-auth-library/build/src/auth/oauth2client.js:205:21)
    at async /Users/miriamritter/Desktop/timebeacon-app/server/gmailAuth.js:240:24 {
  config: {
    retry: true,
    retryConfig: {
      httpMethodsToRetry: [Array],
      currentRetryAttempt: 0,
      retry: 3,
      noResponseRetries: 2,
      retryDelayMultiplier: 2,
      timeOfFirstRequest: 1759184764216,
      totalTimeout: 9007199254740991,
      maxRetryDelay: 9007199254740991,
      statusCodesToRetry: [Array]
    },
    method: 'POST',
    url: URL {
      href: 'https://oauth2.googleapis.com/token',
      origin: 'https://oauth2.googleapis.com',
      protocol: 'https:',
      username: '',
      password: '',
      host: 'oauth2.googleapis.com',
      hostname: 'oauth2.googleapis.com',
      port: '',
      pathname: '/token',
      search: '',
      searchParams: URLSearchParams {},
      hash: ''
    },
    data: URLSearchParams {
      'client_id' => '696202687856-c82e7prqdt00og14k6lp47hiutn7p9an.apps.googleusercontent.com',
      'code' => '4/0AVGzR1C9sMOZ-RwaPGO6J_IXkgsQUIZkNVlw9wdP_9VnpZHtbA5zWK25fM1I-Y-6ATTAYA',
      'grant_type' => '<<REDACTED> - See `errorRedactor` option in `gaxios` for configuration>.',
      'redirect_uri' => 'http://localhost:3003/auth/google/callback',
      'client_secret' => '<<REDACTED> - See `errorRedactor` option in `gaxios` for configuration>.' },
    headers: Headers {
      'x-goog-api-client': 'gl-node/22.17.0',
      'User-Agent': 'google-api-nodejs-client/10.3.0'
    },
    body: URLSearchParams {
      'client_id' => '696202687856-c82e7prqdt00og14k6lp47hiutn7p9an.apps.googleusercontent.com',
      'code' => '4/0AVGzR1C9sMOZ-RwaPGO6J_IXkgsQUIZkNVlw9wdP_9VnpZHtbA5zWK25fM1I-Y-6ATTAYA',
      'grant_type' => '<<REDACTED> - See `errorRedactor` option in `gaxios` for configuration>.',
      'redirect_uri' => 'http://localhost:3003/auth/google/callback',
      'client_secret' => '<<REDACTED> - See `errorRedactor` option in `gaxios` for configuration>.' },
    validateStatus: [Function: validateStatus],
    responseType: 'unknown',
    errorRedactor: [Function: defaultErrorRedactor],
    duplex: 'half'
  },
  response: Response {
    size: 0,
    data: { error: 'invalid_client', error_description: 'Unauthorized' },
    config: {
      retry: true,
      retryConfig: [Object],
      method: 'POST',
      url: URL {},
      data: [Object],
      headers: Headers {
        'x-goog-api-client': 'gl-node/22.17.0',
        'User-Agent': 'google-api-nodejs-client/10.3.0'
      },
      body: [Object],
      validateStatus: [Function: validateStatus],
      responseType: 'unknown',
      errorRedactor: [Function: defaultErrorRedactor],
      duplex: 'half'
    },
    [Symbol(Body internals)]: {
      body: [Gunzip],
      stream: [Gunzip],
      boundary: null,
      disturbed: true,
      error: null
    },
    [Symbol(Response internals)]: {
      type: 'default',
      url: 'https://oauth2.googleapis.com/token',
      status: 401,
      statusText: 'Unauthorized',
      headers: [Object],
      counter: 0,
      highWaterMark: 16384
    }
  },
  code: 401,
  status: 401,
  error: undefined,
  [Symbol(gaxios-gaxios-error)]: '7.1.1',
  [cause]: { message: 'invalid_client', code: 401, status: 'Unauthorized' }
}
AUDIT: {"timestamp":"2025-09-29T22:26:51.750Z","action":"GMAIL_MESSAGES_REQUESTED","userId":"demo-token","ip":"::1","userAgent":"Mozilla/5.0 (Macintosh; Intel Mac OS X 10_15_7) AppleWebKit/537.36 (KHTML, like Gecko) Chrome/139.0.0.0 Safari/537.36","success":true}
Error fetching Gmail messages: GaxiosError: Request had invalid authentication credentials. Expected OAuth 2 access token, login cookie or other valid authentication credential. See https://developers.google.com/identity/sign-in/web/devconsole-project.
    at Gaxios._request (/Users/miriamritter/Desktop/timebeacon-app/node_modules/gaxios/build/cjs/src/gaxios.js:154:23)
    at process.processTicksAndRejections (node:internal/process/task_queues:105:5)
    at async OAuth2Client.requestAsync (/Users/miriamritter/Desktop/timebeacon-app/node_modules/google-auth-library/build/src/auth/oauth2client.js:463:20)
    at async createAPIRequestAsync (/Users/miriamritter/Desktop/timebeacon-app/node_modules/googleapis-common/build/src/apirequest.js:308:25)
    at async /Users/miriamritter/Desktop/timebeacon-app/server/gmailAuth.js:270:22 {
  config: {
    url: URL {
      href: 'https://gmail.googleapis.com/gmail/v1/users/me/messages?maxResults=10&q=newer_than%3A7d',
      origin: 'https://gmail.googleapis.com',
      protocol: 'https:',
      username: '',
      password: '',
      host: 'gmail.googleapis.com',
      hostname: 'gmail.googleapis.com',
      port: '',
      pathname: '/gmail/v1/users/me/messages',
      search: '?maxResults=10&q=newer_than%3A7d',
      searchParams: URLSearchParams { 'maxResults' => '10', 'q' => 'newer_than:7d' },
      hash: ''
    },
    method: 'GET',
    apiVersion: '',
    userAgentDirectives: [ [Object] ],
    paramsSerializer: [Function (anonymous)],
    headers: Headers {
      'accept-encoding': 'gzip',
      authorization: '<<REDACTED> - See `errorRedactor` option in `gaxios` for configuration>.',
      'user-agent': 'google-api-nodejs-client/8.0.0 (gzip)',
      'x-goog-api-client': 'gdcl/8.0.0 gl-node/22.17.0'
    },
    params: { maxResults: 10, q: 'newer_than:7d' },
    validateStatus: [Function (anonymous)],
    retry: true,
    responseType: 'unknown',
    errorRedactor: [Function: defaultErrorRedactor],
    retryConfig: {
      currentRetryAttempt: 0,
      retry: 3,
      httpMethodsToRetry: [Array],
      noResponseRetries: 2,
      retryDelayMultiplier: 2,
      timeOfFirstRequest: 1759184811855,
      totalTimeout: 9007199254740991,
      maxRetryDelay: 9007199254740991,
      statusCodesToRetry: [Array]
    }
  },
  response: Response {
    size: 0,
    data: { error: [Object] },
    config: {
      url: URL {},
      method: 'GET',
      apiVersion: '',
      userAgentDirectives: [Array],
      paramsSerializer: [Function (anonymous)],
      headers: Headers {
        'accept-encoding': 'gzip',
        authorization: '<<REDACTED> - See `errorRedactor` option in `gaxios` for configuration>.',
        'user-agent': 'google-api-nodejs-client/8.0.0 (gzip)',
        'x-goog-api-client': 'gdcl/8.0.0 gl-node/22.17.0'
      },
      params: [Object],
      validateStatus: [Function (anonymous)],
      retry: true,
      responseType: 'unknown',
      errorRedactor: [Function: defaultErrorRedactor]
    },
    [Symbol(Body internals)]: {
      body: [Gunzip],
      stream: [Gunzip],
      boundary: null,
      disturbed: true,
      error: null
    },
    [Symbol(Response internals)]: {
      type: 'default',
      url: 'https://gmail.googleapis.com/gmail/v1/users/me/messages?maxResults=10&q=newer_than%3A7d',
      status: 401,
      statusText: 'Unauthorized',
      headers: [Object],
      counter: 0,
      highWaterMark: 16384
    }
  },
  code: 401,
  status: 401,
  error: undefined,
  [Symbol(gaxios-gaxios-error)]: '7.1.1',
  [cause]: {
    message: 'Request had invalid authentication credentials. Expected OAuth 2 access token, login cookie or other valid authentication credential. See https://developers.google.com/identity/sign-in/web/devconsole-project.',
    code: 401,
    status: 'UNAUTHENTICATED',
    errors: [ [Object] ]
  }
}
Error fetching calendar events: GaxiosError: Request had invalid authentication credentials. Expected OAuth 2 access token, login cookie or other valid authentication credential. See https://developers.google.com/identity/sign-in/web/devconsole-project.
    at Gaxios._request (/Users/miriamritter/Desktop/timebeacon-app/node_modules/gaxios/build/cjs/src/gaxios.js:154:23)
    at process.processTicksAndRejections (node:internal/process/task_queues:105:5)
    at async OAuth2Client.requestAsync (/Users/miriamritter/Desktop/timebeacon-app/node_modules/google-auth-library/build/src/auth/oauth2client.js:463:20)
    at async createAPIRequestAsync (/Users/miriamritter/Desktop/timebeacon-app/node_modules/googleapis-common/build/src/apirequest.js:308:25)
    at async /Users/miriamritter/Desktop/timebeacon-app/server/gmailAuth.js:315:22 {
  config: {
    url: URL {
      href: 'https://www.googleapis.com/calendar/v3/calendars/primary/events?timeMin=2025-09-22T22%3A26%3A51.863Z&timeMax=2025-09-29T22%3A26%3A51.863Z&maxResults=20&singleEvents=true&orderBy=startTime',
      origin: 'https://www.googleapis.com',
      protocol: 'https:',
      username: '',
      password: '',
      host: 'www.googleapis.com',
      hostname: 'www.googleapis.com',
      port: '',
      pathname: '/calendar/v3/calendars/primary/events',
      search: '?timeMin=2025-09-22T22%3A26%3A51.863Z&timeMax=2025-09-29T22%3A26%3A51.863Z&maxResults=20&singleEvents=true&orderBy=startTime',
      searchParams: URLSearchParams {
        'timeMin' => '2025-09-22T22:26:51.863Z',
        'timeMax' => '2025-09-29T22:26:51.863Z',
        'maxResults' => '20',
        'singleEvents' => 'true',
        'orderBy' => 'startTime' },
      hash: ''
    },
    method: 'GET',
    apiVersion: '',
    userAgentDirectives: [ [Object] ],
    paramsSerializer: [Function (anonymous)],
    headers: Headers {
      'accept-encoding': 'gzip',
      authorization: '<<REDACTED> - See `errorRedactor` option in `gaxios` for configuration>.',
      'user-agent': 'google-api-nodejs-client/8.0.0 (gzip)',
      'x-goog-api-client': 'gdcl/8.0.0 gl-node/22.17.0'
    },
    params: {
      timeMin: '2025-09-22T22:26:51.863Z',
      timeMax: '2025-09-29T22:26:51.863Z',
      maxResults: 20,
      singleEvents: true,
      orderBy: 'startTime'
    },
    validateStatus: [Function (anonymous)],
    retry: true,
    responseType: 'unknown',
    errorRedactor: [Function: defaultErrorRedactor],
    retryConfig: {
      currentRetryAttempt: 0,
      retry: 3,
      httpMethodsToRetry: [Array],
      noResponseRetries: 2,
      retryDelayMultiplier: 2,
      timeOfFirstRequest: 1759184811968,
      totalTimeout: 9007199254740991,
      maxRetryDelay: 9007199254740991,
      statusCodesToRetry: [Array]
    }
  },
  response: Response {
    size: 0,
    data: { error: [Object] },
    config: {
      url: URL {},
      method: 'GET',
      apiVersion: '',
      userAgentDirectives: [Array],
      paramsSerializer: [Function (anonymous)],
      headers: Headers {
        'accept-encoding': 'gzip',
        authorization: '<<REDACTED> - See `errorRedactor` option in `gaxios` for configuration>.',
        'user-agent': 'google-api-nodejs-client/8.0.0 (gzip)',
        'x-goog-api-client': 'gdcl/8.0.0 gl-node/22.17.0'
      },
      params: [Object],
      validateStatus: [Function (anonymous)],
      retry: true,
      responseType: 'unknown',
      errorRedactor: [Function: defaultErrorRedactor]
    },
    [Symbol(Body internals)]: {
      body: [Gunzip],
      stream: [Gunzip],
      boundary: null,
      disturbed: true,
      error: null
    },
    [Symbol(Response internals)]: {
      type: 'default',
      url: 'https://www.googleapis.com/calendar/v3/calendars/primary/events?timeMin=2025-09-22T22%3A26%3A51.863Z&timeMax=2025-09-29T22%3A26%3A51.863Z&maxResults=20&singleEvents=true&orderBy=startTime',
      status: 401,
      statusText: 'Unauthorized',
      headers: [Object],
      counter: 0,
      highWaterMark: 16384
    }
  },
  code: 401,
  status: 401,
  error: undefined,
  [Symbol(gaxios-gaxios-error)]: '7.1.1',
  [cause]: {
    message: 'Request had invalid authentication credentials. Expected OAuth 2 access token, login cookie or other valid authentication credential. See https://developers.google.com/identity/sign-in/web/devconsole-project.',
    code: 401,
    status: 'UNAUTHENTICATED',
    errors: [ [Object] ]
  }
}
Error fetching Drive files: GaxiosError: Request had invalid authentication credentials. Expected OAuth 2 access token, login cookie or other valid authentication credential. See https://developers.google.com/identity/sign-in/web/devconsole-project.
    at Gaxios._request (/Users/miriamritter/Desktop/timebeacon-app/node_modules/gaxios/build/cjs/src/gaxios.js:154:23)
    at process.processTicksAndRejections (node:internal/process/task_queues:105:5)
    at async OAuth2Client.requestAsync (/Users/miriamritter/Desktop/timebeacon-app/node_modules/google-auth-library/build/src/auth/oauth2client.js:463:20)
    at async createAPIRequestAsync (/Users/miriamritter/Desktop/timebeacon-app/node_modules/googleapis-common/build/src/apirequest.js:308:25)
    at async /Users/miriamritter/Desktop/timebeacon-app/server/gmailAuth.js:352:22 {
  config: {
    url: URL {
      href: 'https://www.googleapis.com/drive/v3/files?q=mimeType%3D%27application%2Fvnd.google-apps.document%27%20and%20modifiedTime%20%3E%20%272025-09-22T22%3A26%3A51.976Z%27&fields=files%28id%2Cname%2CmodifiedTime%2ClastModifyingUser%2CwebViewLink%29&orderBy=modifiedTime%20desc&pageSize=10',
      origin: 'https://www.googleapis.com',
      protocol: 'https:',
      username: '',
      password: '',
      host: 'www.googleapis.com',
      hostname: 'www.googleapis.com',
      port: '',
      pathname: '/drive/v3/files',
      search: '?q=mimeType%3D%27application%2Fvnd.google-apps.document%27%20and%20modifiedTime%20%3E%20%272025-09-22T22%3A26%3A51.976Z%27&fields=files%28id%2Cname%2CmodifiedTime%2ClastModifyingUser%2CwebViewLink%29&orderBy=modifiedTime%20desc&pageSize=10',
      searchParams: URLSearchParams {
        'q' => "mimeType='application/vnd.google-apps.document' and modifiedTime > '2025-09-22T22:26:51.976Z'",
        'fields' => 'files(id,name,modifiedTime,lastModifyingUser,webViewLink)',
        'orderBy' => 'modifiedTime desc',
        'pageSize' => '10' },
      hash: ''
    },
    method: 'GET',
    apiVersion: '',
    userAgentDirectives: [ [Object] ],
    paramsSerializer: [Function (anonymous)],
    headers: Headers {
      'accept-encoding': 'gzip',
      authorization: '<<REDACTED> - See `errorRedactor` option in `gaxios` for configuration>.',
      'user-agent': 'google-api-nodejs-client/8.0.0 (gzip)',
      'x-goog-api-client': 'gdcl/8.0.0 gl-node/22.17.0'
    },
    params: {
      q: "mimeType='application/vnd.google-apps.document' and modifiedTime > '2025-09-22T22:26:51.976Z'",
      fields: 'files(id,name,modifiedTime,lastModifyingUser,webViewLink)',
      orderBy: 'modifiedTime desc',
      pageSize: 10
    },
    validateStatus: [Function (anonymous)],
    retry: true,
    responseType: 'unknown',
    errorRedactor: [Function: defaultErrorRedactor],
    retryConfig: {
      currentRetryAttempt: 0,
      retry: 3,
      httpMethodsToRetry: [Array],
      noResponseRetries: 2,
      retryDelayMultiplier: 2,
      timeOfFirstRequest: 1759184812016,
      totalTimeout: 9007199254740991,
      maxRetryDelay: 9007199254740991,
      statusCodesToRetry: [Array]
    }
  },
  response: Response {
    size: 0,
    data: { error: [Object] },
    config: {
      url: URL {},
      method: 'GET',
      apiVersion: '',
      userAgentDirectives: [Array],
      paramsSerializer: [Function (anonymous)],
      headers: Headers {
        'accept-encoding': 'gzip',
        authorization: '<<REDACTED> - See `errorRedactor` option in `gaxios` for configuration>.',
        'user-agent': 'google-api-nodejs-client/8.0.0 (gzip)',
        'x-goog-api-client': 'gdcl/8.0.0 gl-node/22.17.0'
      },
      params: [Object],
      validateStatus: [Function (anonymous)],
      retry: true,
      responseType: 'unknown',
      errorRedactor: [Function: defaultErrorRedactor]
    },
    [Symbol(Body internals)]: {
      body: [Gunzip],
      stream: [Gunzip],
      boundary: null,
      disturbed: true,
      error: null
    },
    [Symbol(Response internals)]: {
      type: 'default',
      url: 'https://www.googleapis.com/drive/v3/files?q=mimeType%3D%27application%2Fvnd.google-apps.document%27%20and%20modifiedTime%20%3E%20%272025-09-22T22%3A26%3A51.976Z%27&fields=files%28id%2Cname%2CmodifiedTime%2ClastModifyingUser%2CwebViewLink%29&orderBy=modifiedTime%20desc&pageSize=10',
      status: 401,
      statusText: 'Unauthorized',
      headers: [Object],
      counter: 0,
      highWaterMark: 16384
    }
  },
  code: 401,
  status: 401,
  error: undefined,
  [Symbol(gaxios-gaxios-error)]: '7.1.1',
  [cause]: {
    message: 'Request had invalid authentication credentials. Expected OAuth 2 access token, login cookie or other valid authentication credential. See https://developers.google.com/identity/sign-in/web/devconsole-project.',
    code: 401,
    status: 'UNAUTHENTICATED',
    errors: [ [Object] ]
  }
}
AUDIT: {"timestamp":"2025-09-29T22:26:52.297Z","action":"GMAIL_MESSAGES_REQUESTED","userId":"demo-token","ip":"::1","userAgent":"Mozilla/5.0 (Macintosh; Intel Mac OS X 10_15_7) AppleWebKit/537.36 (KHTML, like Gecko) Chrome/139.0.0.0 Safari/537.36","success":true}
Error fetching Gmail messages: GaxiosError: Request had invalid authentication credentials. Expected OAuth 2 access token, login cookie or other valid authentication credential. See https://developers.google.com/identity/sign-in/web/devconsole-project.
    at Gaxios._request (/Users/miriamritter/Desktop/timebeacon-app/node_modules/gaxios/build/cjs/src/gaxios.js:154:23)
    at process.processTicksAndRejections (node:internal/process/task_queues:105:5)
    at async OAuth2Client.requestAsync (/Users/miriamritter/Desktop/timebeacon-app/node_modules/google-auth-library/build/src/auth/oauth2client.js:463:20)
    at async createAPIRequestAsync (/Users/miriamritter/Desktop/timebeacon-app/node_modules/googleapis-common/build/src/apirequest.js:308:25)
    at async /Users/miriamritter/Desktop/timebeacon-app/server/gmailAuth.js:270:22 {
  config: {
    url: URL {
      href: 'https://gmail.googleapis.com/gmail/v1/users/me/messages?maxResults=10&q=newer_than%3A7d',
      origin: 'https://gmail.googleapis.com',
      protocol: 'https:',
      username: '',
      password: '',
      host: 'gmail.googleapis.com',
      hostname: 'gmail.googleapis.com',
      port: '',
      pathname: '/gmail/v1/users/me/messages',
      search: '?maxResults=10&q=newer_than%3A7d',
      searchParams: URLSearchParams { 'maxResults' => '10', 'q' => 'newer_than:7d' },
      hash: ''
    },
    method: 'GET',
    apiVersion: '',
    userAgentDirectives: [ [Object] ],
    paramsSerializer: [Function (anonymous)],
    headers: Headers {
      'accept-encoding': 'gzip',
      authorization: '<<REDACTED> - See `errorRedactor` option in `gaxios` for configuration>.',
      'user-agent': 'google-api-nodejs-client/8.0.0 (gzip)',
      'x-goog-api-client': 'gdcl/8.0.0 gl-node/22.17.0'
    },
    params: { maxResults: 10, q: 'newer_than:7d' },
    validateStatus: [Function (anonymous)],
    retry: true,
    responseType: 'unknown',
    errorRedactor: [Function: defaultErrorRedactor],
    retryConfig: {
      currentRetryAttempt: 0,
      retry: 3,
      httpMethodsToRetry: [Array],
      noResponseRetries: 2,
      retryDelayMultiplier: 2,
      timeOfFirstRequest: 1759184812335,
      totalTimeout: 9007199254740991,
      maxRetryDelay: 9007199254740991,
      statusCodesToRetry: [Array]
    }
  },
  response: Response {
    size: 0,
    data: { error: [Object] },
    config: {
      url: URL {},
      method: 'GET',
      apiVersion: '',
      userAgentDirectives: [Array],
      paramsSerializer: [Function (anonymous)],
      headers: Headers {
        'accept-encoding': 'gzip',
        authorization: '<<REDACTED> - See `errorRedactor` option in `gaxios` for configuration>.',
        'user-agent': 'google-api-nodejs-client/8.0.0 (gzip)',
        'x-goog-api-client': 'gdcl/8.0.0 gl-node/22.17.0'
      },
      params: [Object],
      validateStatus: [Function (anonymous)],
      retry: true,
      responseType: 'unknown',
      errorRedactor: [Function: defaultErrorRedactor]
    },
    [Symbol(Body internals)]: {
      body: [Gunzip],
      stream: [Gunzip],
      boundary: null,
      disturbed: true,
      error: null
    },
    [Symbol(Response internals)]: {
      type: 'default',
      url: 'https://gmail.googleapis.com/gmail/v1/users/me/messages?maxResults=10&q=newer_than%3A7d',
      status: 401,
      statusText: 'Unauthorized',
      headers: [Object],
      counter: 0,
      highWaterMark: 16384
    }
  },
  code: 401,
  status: 401,
  error: undefined,
  [Symbol(gaxios-gaxios-error)]: '7.1.1',
  [cause]: {
    message: 'Request had invalid authentication credentials. Expected OAuth 2 access token, login cookie or other valid authentication credential. See https://developers.google.com/identity/sign-in/web/devconsole-project.',
    code: 401,
    status: 'UNAUTHENTICATED',
    errors: [ [Object] ]
  }
}
Error fetching calendar events: GaxiosError: Request had invalid authentication credentials. Expected OAuth 2 access token, login cookie or other valid authentication credential. See https://developers.google.com/identity/sign-in/web/devconsole-project.
    at Gaxios._request (/Users/miriamritter/Desktop/timebeacon-app/node_modules/gaxios/build/cjs/src/gaxios.js:154:23)
    at process.processTicksAndRejections (node:internal/process/task_queues:105:5)
    at async OAuth2Client.requestAsync (/Users/miriamritter/Desktop/timebeacon-app/node_modules/google-auth-library/build/src/auth/oauth2client.js:463:20)
    at async createAPIRequestAsync (/Users/miriamritter/Desktop/timebeacon-app/node_modules/googleapis-common/build/src/apirequest.js:308:25)
    at async /Users/miriamritter/Desktop/timebeacon-app/server/gmailAuth.js:315:22 {
  config: {
    url: URL {
      href: 'https://www.googleapis.com/calendar/v3/calendars/primary/events?timeMin=2025-09-22T22%3A26%3A52.338Z&timeMax=2025-09-29T22%3A26%3A52.338Z&maxResults=20&singleEvents=true&orderBy=startTime',
      origin: 'https://www.googleapis.com',
      protocol: 'https:',
      username: '',
      password: '',
      host: 'www.googleapis.com',
      hostname: 'www.googleapis.com',
      port: '',
      pathname: '/calendar/v3/calendars/primary/events',
      search: '?timeMin=2025-09-22T22%3A26%3A52.338Z&timeMax=2025-09-29T22%3A26%3A52.338Z&maxResults=20&singleEvents=true&orderBy=startTime',
      searchParams: URLSearchParams {
        'timeMin' => '2025-09-22T22:26:52.338Z',
        'timeMax' => '2025-09-29T22:26:52.338Z',
        'maxResults' => '20',
        'singleEvents' => 'true',
        'orderBy' => 'startTime' },
      hash: ''
    },
    method: 'GET',
    apiVersion: '',
    userAgentDirectives: [ [Object] ],
    paramsSerializer: [Function (anonymous)],
    headers: Headers {
      'accept-encoding': 'gzip',
      authorization: '<<REDACTED> - See `errorRedactor` option in `gaxios` for configuration>.',
      'user-agent': 'google-api-nodejs-client/8.0.0 (gzip)',
      'x-goog-api-client': 'gdcl/8.0.0 gl-node/22.17.0'
    },
    params: {
      timeMin: '2025-09-22T22:26:52.338Z',
      timeMax: '2025-09-29T22:26:52.338Z',
      maxResults: 20,
      singleEvents: true,
      orderBy: 'startTime'
    },
    validateStatus: [Function (anonymous)],
    retry: true,
    responseType: 'unknown',
    errorRedactor: [Function: defaultErrorRedactor],
    retryConfig: {
      currentRetryAttempt: 0,
      retry: 3,
      httpMethodsToRetry: [Array],
      noResponseRetries: 2,
      retryDelayMultiplier: 2,
      timeOfFirstRequest: 1759184812384,
      totalTimeout: 9007199254740991,
      maxRetryDelay: 9007199254740991,
      statusCodesToRetry: [Array]
    }
  },
  response: Response {
    size: 0,
    data: { error: [Object] },
    config: {
      url: URL {},
      method: 'GET',
      apiVersion: '',
      userAgentDirectives: [Array],
      paramsSerializer: [Function (anonymous)],
      headers: Headers {
        'accept-encoding': 'gzip',
        authorization: '<<REDACTED> - See `errorRedactor` option in `gaxios` for configuration>.',
        'user-agent': 'google-api-nodejs-client/8.0.0 (gzip)',
        'x-goog-api-client': 'gdcl/8.0.0 gl-node/22.17.0'
      },
      params: [Object],
      validateStatus: [Function (anonymous)],
      retry: true,
      responseType: 'unknown',
      errorRedactor: [Function: defaultErrorRedactor]
    },
    [Symbol(Body internals)]: {
      body: [Gunzip],
      stream: [Gunzip],
      boundary: null,
      disturbed: true,
      error: null
    },
    [Symbol(Response internals)]: {
      type: 'default',
      url: 'https://www.googleapis.com/calendar/v3/calendars/primary/events?timeMin=2025-09-22T22%3A26%3A52.338Z&timeMax=2025-09-29T22%3A26%3A52.338Z&maxResults=20&singleEvents=true&orderBy=startTime',
      status: 401,
      statusText: 'Unauthorized',
      headers: [Object],
      counter: 0,
      highWaterMark: 16384
    }
  },
  code: 401,
  status: 401,
  error: undefined,
  [Symbol(gaxios-gaxios-error)]: '7.1.1',
  [cause]: {
    message: 'Request had invalid authentication credentials. Expected OAuth 2 access token, login cookie or other valid authentication credential. See https://developers.google.com/identity/sign-in/web/devconsole-project.',
    code: 401,
    status: 'UNAUTHENTICATED',
    errors: [ [Object] ]
  }
}
Error fetching Drive files: GaxiosError: Request had invalid authentication credentials. Expected OAuth 2 access token, login cookie or other valid authentication credential. See https://developers.google.com/identity/sign-in/web/devconsole-project.
    at Gaxios._request (/Users/miriamritter/Desktop/timebeacon-app/node_modules/gaxios/build/cjs/src/gaxios.js:154:23)
    at process.processTicksAndRejections (node:internal/process/task_queues:105:5)
    at async OAuth2Client.requestAsync (/Users/miriamritter/Desktop/timebeacon-app/node_modules/google-auth-library/build/src/auth/oauth2client.js:463:20)
    at async createAPIRequestAsync (/Users/miriamritter/Desktop/timebeacon-app/node_modules/googleapis-common/build/src/apirequest.js:308:25)
    at async /Users/miriamritter/Desktop/timebeacon-app/server/gmailAuth.js:352:22 {
  config: {
    url: URL {
      href: 'https://www.googleapis.com/drive/v3/files?q=mimeType%3D%27application%2Fvnd.google-apps.document%27%20and%20modifiedTime%20%3E%20%272025-09-22T22%3A26%3A52.388Z%27&fields=files%28id%2Cname%2CmodifiedTime%2ClastModifyingUser%2CwebViewLink%29&orderBy=modifiedTime%20desc&pageSize=10',
      origin: 'https://www.googleapis.com',
      protocol: 'https:',
      username: '',
      password: '',
      host: 'www.googleapis.com',
      hostname: 'www.googleapis.com',
      port: '',
      pathname: '/drive/v3/files',
      search: '?q=mimeType%3D%27application%2Fvnd.google-apps.document%27%20and%20modifiedTime%20%3E%20%272025-09-22T22%3A26%3A52.388Z%27&fields=files%28id%2Cname%2CmodifiedTime%2ClastModifyingUser%2CwebViewLink%29&orderBy=modifiedTime%20desc&pageSize=10',
      searchParams: URLSearchParams {
        'q' => "mimeType='application/vnd.google-apps.document' and modifiedTime > '2025-09-22T22:26:52.388Z'",
        'fields' => 'files(id,name,modifiedTime,lastModifyingUser,webViewLink)',
        'orderBy' => 'modifiedTime desc',
        'pageSize' => '10' },
      hash: ''
    },
    method: 'GET',
    apiVersion: '',
    userAgentDirectives: [ [Object] ],
    paramsSerializer: [Function (anonymous)],
    headers: Headers {
      'accept-encoding': 'gzip',
      authorization: '<<REDACTED> - See `errorRedactor` option in `gaxios` for configuration>.',
      'user-agent': 'google-api-nodejs-client/8.0.0 (gzip)',
      'x-goog-api-client': 'gdcl/8.0.0 gl-node/22.17.0'
    },
    params: {
      q: "mimeType='application/vnd.google-apps.document' and modifiedTime > '2025-09-22T22:26:52.388Z'",
      fields: 'files(id,name,modifiedTime,lastModifyingUser,webViewLink)',
      orderBy: 'modifiedTime desc',
      pageSize: 10
    },
    validateStatus: [Function (anonymous)],
    retry: true,
    responseType: 'unknown',
    errorRedactor: [Function: defaultErrorRedactor],
    retryConfig: {
      currentRetryAttempt: 0,
      retry: 3,
      httpMethodsToRetry: [Array],
      noResponseRetries: 2,
      retryDelayMultiplier: 2,
      timeOfFirstRequest: 1759184812428,
      totalTimeout: 9007199254740991,
      maxRetryDelay: 9007199254740991,
      statusCodesToRetry: [Array]
    }
  },
  response: Response {
    size: 0,
    data: { error: [Object] },
    config: {
      url: URL {},
      method: 'GET',
      apiVersion: '',
      userAgentDirectives: [Array],
      paramsSerializer: [Function (anonymous)],
      headers: Headers {
        'accept-encoding': 'gzip',
        authorization: '<<REDACTED> - See `errorRedactor` option in `gaxios` for configuration>.',
        'user-agent': 'google-api-nodejs-client/8.0.0 (gzip)',
        'x-goog-api-client': 'gdcl/8.0.0 gl-node/22.17.0'
      },
      params: [Object],
      validateStatus: [Function (anonymous)],
      retry: true,
      responseType: 'unknown',
      errorRedactor: [Function: defaultErrorRedactor]
    },
    [Symbol(Body internals)]: {
      body: [Gunzip],
      stream: [Gunzip],
      boundary: null,
      disturbed: true,
      error: null
    },
    [Symbol(Response internals)]: {
      type: 'default',
      url: 'https://www.googleapis.com/drive/v3/files?q=mimeType%3D%27application%2Fvnd.google-apps.document%27%20and%20modifiedTime%20%3E%20%272025-09-22T22%3A26%3A52.388Z%27&fields=files%28id%2Cname%2CmodifiedTime%2ClastModifyingUser%2CwebViewLink%29&orderBy=modifiedTime%20desc&pageSize=10',
      status: 401,
      statusText: 'Unauthorized',
      headers: [Object],
      counter: 0,
      highWaterMark: 16384
    }
  },
  code: 401,
  status: 401,
  error: undefined,
  [Symbol(gaxios-gaxios-error)]: '7.1.1',
  [cause]: {
    message: 'Request had invalid authentication credentials. Expected OAuth 2 access token, login cookie or other valid authentication credential. See https://developers.google.com/identity/sign-in/web/devconsole-project.',
    code: 401,
    status: 'UNAUTHENTICATED',
    errors: [ [Object] ]
  }
}
Error exchanging code for tokens: GaxiosError: invalid_client
    at Gaxios._request (/Users/miriamritter/Desktop/timebeacon-app/node_modules/gaxios/build/cjs/src/gaxios.js:154:23)
    at process.processTicksAndRejections (node:internal/process/task_queues:105:5)
    at async OAuth2Client.getTokenAsync (/Users/miriamritter/Desktop/timebeacon-app/node_modules/google-auth-library/build/src/auth/oauth2client.js:205:21)
    at async /Users/miriamritter/Desktop/timebeacon-app/server/gmailAuth.js:240:24 {
  config: {
    retry: true,
    retryConfig: {
      httpMethodsToRetry: [Array],
      currentRetryAttempt: 0,
      retry: 3,
      noResponseRetries: 2,
      retryDelayMultiplier: 2,
      timeOfFirstRequest: 1759185426229,
      totalTimeout: 9007199254740991,
      maxRetryDelay: 9007199254740991,
      statusCodesToRetry: [Array]
    },
    method: 'POST',
    url: URL {
      href: 'https://oauth2.googleapis.com/token',
      origin: 'https://oauth2.googleapis.com',
      protocol: 'https:',
      username: '',
      password: '',
      host: 'oauth2.googleapis.com',
      hostname: 'oauth2.googleapis.com',
      port: '',
      pathname: '/token',
      search: '',
      searchParams: URLSearchParams {},
      hash: ''
    },
    data: URLSearchParams {
      'client_id' => '696202687856-c82e7prqdt00og14k6lp47hiutn7p9an.apps.googleusercontent.com',
      'code' => '4/0AVGzR1Cok5plSyBM4MexUXfr3FhjGdH2GhnQ-lurUliPygGFMe92Twz32qIsFc870ojNCQ',
      'grant_type' => '<<REDACTED> - See `errorRedactor` option in `gaxios` for configuration>.',
      'redirect_uri' => 'http://localhost:3003/auth/google/callback',
      'client_secret' => '<<REDACTED> - See `errorRedactor` option in `gaxios` for configuration>.' },
    headers: Headers {
      'x-goog-api-client': 'gl-node/22.17.0',
      'User-Agent': 'google-api-nodejs-client/10.3.0'
    },
    body: URLSearchParams {
      'client_id' => '696202687856-c82e7prqdt00og14k6lp47hiutn7p9an.apps.googleusercontent.com',
      'code' => '4/0AVGzR1Cok5plSyBM4MexUXfr3FhjGdH2GhnQ-lurUliPygGFMe92Twz32qIsFc870ojNCQ',
      'grant_type' => '<<REDACTED> - See `errorRedactor` option in `gaxios` for configuration>.',
      'redirect_uri' => 'http://localhost:3003/auth/google/callback',
      'client_secret' => '<<REDACTED> - See `errorRedactor` option in `gaxios` for configuration>.' },
    validateStatus: [Function: validateStatus],
    responseType: 'unknown',
    errorRedactor: [Function: defaultErrorRedactor],
    duplex: 'half'
  },
  response: Response {
    size: 0,
    data: { error: 'invalid_client', error_description: 'Unauthorized' },
    config: {
      retry: true,
      retryConfig: [Object],
      method: 'POST',
      url: URL {},
      data: [Object],
      headers: Headers {
        'x-goog-api-client': 'gl-node/22.17.0',
        'User-Agent': 'google-api-nodejs-client/10.3.0'
      },
      body: [Object],
      validateStatus: [Function: validateStatus],
      responseType: 'unknown',
      errorRedactor: [Function: defaultErrorRedactor],
      duplex: 'half'
    },
    [Symbol(Body internals)]: {
      body: [Gunzip],
      stream: [Gunzip],
      boundary: null,
      disturbed: true,
      error: null
    },
    [Symbol(Response internals)]: {
      type: 'default',
      url: 'https://oauth2.googleapis.com/token',
      status: 401,
      statusText: 'Unauthorized',
      headers: [Object],
      counter: 0,
      highWaterMark: 16384
    }
  },
  code: 401,
  status: 401,
  error: undefined,
  [Symbol(gaxios-gaxios-error)]: '7.1.1',
  [cause]: { message: 'invalid_client', code: 401, status: 'Unauthorized' }
}
Error exchanging code for tokens: GaxiosError: invalid_client
    at Gaxios._request (/Users/miriamritter/Desktop/timebeacon-app/node_modules/gaxios/build/cjs/src/gaxios.js:154:23)
    at process.processTicksAndRejections (node:internal/process/task_queues:105:5)
    at async OAuth2Client.getTokenAsync (/Users/miriamritter/Desktop/timebeacon-app/node_modules/google-auth-library/build/src/auth/oauth2client.js:205:21)
    at async /Users/miriamritter/Desktop/timebeacon-app/server/gmailAuth.js:240:24 {
  config: {
    retry: true,
    retryConfig: {
      httpMethodsToRetry: [Array],
      currentRetryAttempt: 0,
      retry: 3,
      noResponseRetries: 2,
      retryDelayMultiplier: 2,
      timeOfFirstRequest: 1759185430435,
      totalTimeout: 9007199254740991,
      maxRetryDelay: 9007199254740991,
      statusCodesToRetry: [Array]
    },
    method: 'POST',
    url: URL {
      href: 'https://oauth2.googleapis.com/token',
      origin: 'https://oauth2.googleapis.com',
      protocol: 'https:',
      username: '',
      password: '',
      host: 'oauth2.googleapis.com',
      hostname: 'oauth2.googleapis.com',
      port: '',
      pathname: '/token',
      search: '',
      searchParams: URLSearchParams {},
      hash: ''
    },
    data: URLSearchParams {
      'client_id' => '696202687856-c82e7prqdt00og14k6lp47hiutn7p9an.apps.googleusercontent.com',
      'code' => '4/0AVGzR1Cok5plSyBM4MexUXfr3FhjGdH2GhnQ-lurUliPygGFMe92Twz32qIsFc870ojNCQ',
      'grant_type' => '<<REDACTED> - See `errorRedactor` option in `gaxios` for configuration>.',
      'redirect_uri' => 'http://localhost:3003/auth/google/callback',
      'client_secret' => '<<REDACTED> - See `errorRedactor` option in `gaxios` for configuration>.' },
    headers: Headers {
      'x-goog-api-client': 'gl-node/22.17.0',
      'User-Agent': 'google-api-nodejs-client/10.3.0'
    },
    body: URLSearchParams {
      'client_id' => '696202687856-c82e7prqdt00og14k6lp47hiutn7p9an.apps.googleusercontent.com',
      'code' => '4/0AVGzR1Cok5plSyBM4MexUXfr3FhjGdH2GhnQ-lurUliPygGFMe92Twz32qIsFc870ojNCQ',
      'grant_type' => '<<REDACTED> - See `errorRedactor` option in `gaxios` for configuration>.',
      'redirect_uri' => 'http://localhost:3003/auth/google/callback',
      'client_secret' => '<<REDACTED> - See `errorRedactor` option in `gaxios` for configuration>.' },
    validateStatus: [Function: validateStatus],
    responseType: 'unknown',
    errorRedactor: [Function: defaultErrorRedactor],
    duplex: 'half'
  },
  response: Response {
    size: 0,
    data: { error: 'invalid_client', error_description: 'Unauthorized' },
    config: {
      retry: true,
      retryConfig: [Object],
      method: 'POST',
      url: URL {},
      data: [Object],
      headers: Headers {
        'x-goog-api-client': 'gl-node/22.17.0',
        'User-Agent': 'google-api-nodejs-client/10.3.0'
      },
      body: [Object],
      validateStatus: [Function: validateStatus],
      responseType: 'unknown',
      errorRedactor: [Function: defaultErrorRedactor],
      duplex: 'half'
    },
    [Symbol(Body internals)]: {
      body: [Gunzip],
      stream: [Gunzip],
      boundary: null,
      disturbed: true,
      error: null
    },
    [Symbol(Response internals)]: {
      type: 'default',
      url: 'https://oauth2.googleapis.com/token',
      status: 401,
      statusText: 'Unauthorized',
      headers: [Object],
      counter: 0,
      highWaterMark: 16384
    }
  },
  code: 401,
  status: 401,
  error: undefined,
  [Symbol(gaxios-gaxios-error)]: '7.1.1',
  [cause]: { message: 'invalid_client', code: 401, status: 'Unauthorized' }
}
